<?xml version="1.0" encoding="UTF-8"?>
<!-- Generated by org.testng.reporters.JUnitReportReporter -->
<testsuite skipped="0" hostname="SOHAM-PC" name="testNG.TC_01Test" tests="1" failures="0" timestamp="2021-06-17T13:22:48 IST" time="0.028" errors="0">
  <testcase name="creatNewLead" time="0.028" classname="testNG.TC_01Test"/>
  <system-out>
Runnig fron testNG inbuilt main method  </system-out>
</testsuite> <!-- testNG.TC_01Test -->
