<?xml version="1.0" encoding="UTF-8"?>
<!-- Generated by org.testng.reporters.JUnitReportReporter -->
<testsuite skipped="0" hostname="SOHAM-PC" name="testNG.ConfigAnnotation" tests="1" failures="0" timestamp="2021-06-17T12:50:52 IST" time="0.014" errors="0">
  <testcase name="method1" time="0.014" classname="testNG.ConfigAnnotation"/>
  <system-out>
from method 1  </system-out>
</testsuite> <!-- testNG.ConfigAnnotation -->
