<?xml version="1.0" encoding="UTF-8"?>
<!-- Generated by org.testng.reporters.JUnitReportReporter -->
<testsuite skipped="0" hostname="SOHAM-PC" name="testNG.TC_02teat" tests="2" failures="0" timestamp="2021-06-17T13:22:48 IST" time="0.015" errors="0">
  <testcase name="PlaceTheCursorOnMoreDropDownMenu" time="0.012" classname="testNG.TC_02teat"/>
  <system-out>
PlaceTheCursorOnMoreDropDownMenu  </system-out>
  <testcase name="PlaceTheCursor" time="0.003" classname="testNG.TC_02teat"/>
  <system-out>
PlaceTheCursor  </system-out>
</testsuite> <!-- testNG.TC_02teat -->
