<?xml version="1.0" encoding="UTF-8"?>
<!-- Generated by org.testng.reporters.JUnitReportReporter -->
<testsuite skipped="0" hostname="SOHAM-PC" name="testNG.TC_03Test" tests="6" failures="0" timestamp="2021-06-17T13:22:48 IST" time="0.021" errors="0">
  <testcase name="PlaceTheCursorOnMoreDropDownMenu" time="0.003" classname="testNG.TC_03Test"/>
  <system-out>
PlaceTheCursorOnMoreDropDownMenu  </system-out>
  <testcase name="PlaceTheCursorOnMoreDropDownMenu" time="0.002" classname="testNG.TC_03Test"/>
  <system-out>
PlaceTheCursorOnMoreDropDownMenu  </system-out>
  <testcase name="PlaceTheCursorOnMoreDropDownMenu" time="0.009" classname="testNG.TC_03Test"/>
  <system-out>
PlaceTheCursorOnMoreDropDownMenu  </system-out>
  <testcase name="PlaceTheCursorOnMoreDropDownMenu" time="0.003" classname="testNG.TC_03Test"/>
  <system-out>
PlaceTheCursorOnMoreDropDownMenu  </system-out>
  <testcase name="PlaceTheCursorOnMoreDropDownMenu" time="0.002" classname="testNG.TC_03Test"/>
  <system-out>
PlaceTheCursorOnMoreDropDownMenu  </system-out>
  <testcase name="PlaceTheCursor" time="0.002" classname="testNG.TC_03Test"/>
  <system-out>
PlaceTheCursor  </system-out>
</testsuite> <!-- testNG.TC_03Test -->
