<?xml version="1.0" encoding="UTF-8"?>
<!-- Generated by org.testng.reporters.JUnitReportReporter -->
<testsuite skipped="1" hostname="SOHAM-PC" name="testNG.TC_04Test" tests="2" failures="0" timestamp="2021-06-17T13:22:48 IST" time="0.005" errors="0">
  <testcase name="creatNewLead" time="0.005" classname="testNG.TC_04Test"/>
  <system-out>
creatNewLead  </system-out>
  <testcase name="PlaceTheCursorOnMoreDropDownMenu" classname="testNG.TC_04Test">
    <skipped/>
  </testcase> <!-- PlaceTheCursorOnMoreDropDownMenu -->
  <system-out/>
</testsuite> <!-- testNG.TC_04Test -->
