<?xml version="1.0" encoding="UTF-8"?>
<!-- Generated by org.testng.reporters.JUnitReportReporter -->
<testsuite skipped="0" hostname="SOHAM-PC" name="testNG.TC_05Smoke" tests="3" failures="0" timestamp="2021-06-15T21:28:57 IST" time="0.043" errors="0">
  <testcase name="deleteProfile" time="0.003" classname="testNG.TC_05Smoke"/>
  <system-out>
deleteProfile  </system-out>
  <testcase name="createprofile" time="0.029" classname="testNG.TC_05Smoke"/>
  <system-out>
createprofile  </system-out>
  <testcase name="modifyProfile" time="0.011" classname="testNG.TC_05Smoke"/>
  <system-out>
modifyProfile  </system-out>
</testsuite> <!-- testNG.TC_05Smoke -->
