<?xml version="1.0" encoding="UTF-8"?>
<!-- Generated by org.testng.reporters.JUnitReportReporter -->
<testsuite skipped="0" hostname="SOHAM-PC" name="testNG.TC_06SingleArray" tests="2" failures="0" timestamp="2021-06-17T11:03:55 IST" time="117.805" errors="0">
  <testcase name="verifuAccount" time="50.883" classname="testNG.TC_06SingleArray"/>
  <system-out/>
  <testcase name="verifuAccount" time="66.922" classname="testNG.TC_06SingleArray"/>
  <system-out/>
</testsuite> <!-- testNG.TC_06SingleArray -->
